# JRE version: OpenJDK Runtime Environment AdoptOpenJDK (11.0.10+9) (build 11.0.10+9)
# Java VM: OpenJDK 64-Bit Server VM AdoptOpenJDK (11.0.10+9, mixed mode, tiered, compressed oops, g1 gc, windows-amd64)
Heap:
 garbage-first heap   total 227328K, used 137852K [0x00000000a0000000, 0x0000000100000000)
  region size 1024K, 116 young (118784K), 12 survivors (12288K)
 Metaspace       used 54784K, capacity 56083K, committed 56272K, reserved 1101824K
  class space    used 6915K, capacity 7335K, committed 7424K, reserved 1048576K
GC Heap History (10 events):
Event: 0.594 GC heap before
{Heap before GC invocations=0 (full 0):
 garbage-first heap   total 227328K, used 29696K [0x00000000a0000000, 0x0000000100000000)
  region size 1024K, 24 young (24576K), 0 survivors (0K)
 Metaspace       used 10474K, capacity 10764K, committed 11008K, reserved 1058816K
  class space    used 1086K, capacity 1160K, committed 1280K, reserved 1048576K
}
Event: 0.597 GC heap after
{Heap after GC invocations=1 (full 0):
 garbage-first heap   total 227328K, used 8558K [0x00000000a0000000, 0x0000000100000000)
  region size 1024K, 3 young (3072K), 3 survivors (3072K)
 Metaspace       used 10474K, capacity 10764K, committed 11008K, reserved 1058816K
  class space    used 1086K, capacity 1160K, committed 1280K, reserved 1048576K
}
Event: 2.885 GC heap before
{Heap before GC invocations=1 (full 0):
 garbage-first heap   total 227328K, used 90478K [0x00000000a0000000, 0x0000000100000000)
  region size 1024K, 84 young (86016K), 3 survivors (3072K)
 Metaspace       used 20748K, capacity 21177K, committed 21248K, reserved 1069056K
  class space    used 2422K, capacity 2542K, committed 2560K, reserved 1048576K
}
Event: 2.891 GC heap after
{Heap after GC invocations=2 (full 0):
 garbage-first heap   total 227328K, used 15817K [0x00000000a0000000, 0x0000000100000000)
  region size 1024K, 11 young (11264K), 11 survivors (11264K)
 Metaspace       used 20748K, capacity 21177K, committed 21248K, reserved 1069056K
  class space    used 2422K, capacity 2542K, committed 2560K, reserved 1048576K
}
Event: 3.223 GC heap before
{Heap before GC invocations=3 (full 0):
 garbage-first heap   total 227328K, used 53705K [0x00000000a0000000, 0x0000000100000000)
  region size 1024K, 48 young (49152K), 11 survivors (11264K)
 Metaspace       used 25399K, capacity 26011K, committed 26236K, reserved 1073152K
  class space    used 3196K, capacity 3391K, committed 3456K, reserved 1048576K
}
Event: 3.228 GC heap after
{Heap after GC invocations=4 (full 0):
 garbage-first heap   total 227328K, used 17497K [0x00000000a0000000, 0x0000000100000000)
  region size 1024K, 3 young (3072K), 3 survivors (3072K)
 Metaspace       used 25399K, capacity 26011K, committed 26236K, reserved 1073152K
  class space    used 3196K, capacity 3391K, committed 3456K, reserved 1048576K
}
Event: 3.908 GC heap before
{Heap before GC invocations=4 (full 0):
 garbage-first heap   total 227328K, used 74841K [0x00000000a0000000, 0x0000000100000000)
  region size 1024K, 61 young (62464K), 3 survivors (3072K)
 Metaspace       used 35217K, capacity 35880K, committed 36048K, reserved 1081344K
  class space    used 4479K, capacity 4746K, committed 4864K, reserved 1048576K
}
Event: 3.914 GC heap after
{Heap after GC invocations=5 (full 0):
 garbage-first heap   total 227328K, used 20879K [0x00000000a0000000, 0x0000000100000000)
  region size 1024K, 6 young (6144K), 6 survivors (6144K)
 Metaspace       used 35217K, capacity 35880K, committed 36048K, reserved 1081344K
  class space    used 4479K, capacity 4746K, committed 4864K, reserved 1048576K
}
Event: 4.760 GC heap before
{Heap before GC invocations=6 (full 0):
 garbage-first heap   total 227328K, used 135567K [0x00000000a0000000, 0x0000000100000000)
  region size 1024K, 116 young (118784K), 6 survivors (6144K)
 Metaspace       used 43452K, capacity 44384K, committed 44496K, reserved 1087488K
  class space    used 5532K, capacity 5864K, committed 5888K, reserved 1048576K
}
Event: 4.766 GC heap after
{Heap after GC invocations=7 (full 0):
 garbage-first heap   total 227328K, used 27260K [0x00000000a0000000, 0x0000000100000000)
  region size 1024K, 12 young (12288K), 12 survivors (12288K)
 Metaspace       used 43452K, capacity 44384K, committed 44496K, reserved 1087488K
  class space    used 5532K, capacity 5864K, committed 5888K, reserved 1048576K
}

